<?xml version="1.0" encoding="UTF-8"?>
<!-- Generated by org.testng.reporters.JUnitReportReporter -->
<testsuite skipped="0" hostname="eminism" name="demo.TestNGPriorityDemo" tests="3" failures="0" timestamp="2020-04-11T20:13:08 EDT" time="0.016" errors="0">
  <testcase name="test2" time="0.013" classname="demo.TestNGPriorityDemo"/>
  <system-out/>
  <testcase name="test3" time="0.001" classname="demo.TestNGPriorityDemo"/>
  <system-out/>
  <testcase name="test1" time="0.002" classname="demo.TestNGPriorityDemo"/>
  <system-out/>
</testsuite> <!-- demo.TestNGPriorityDemo -->
