<?xml version="1.0" encoding="UTF-8"?>
<!-- Generated by org.testng.reporters.JUnitReportReporter -->
<testsuite skipped="0" hostname="eminism" name="test.TestNG_Demo1" tests="1" failures="0" timestamp="2020-03-25T23:20:51 EDT" time="3.995" errors="0">
  <testcase name="googleSearch3" time="3.995" classname="test.TestNG_Demo1"/>
  <system-out/>
</testsuite> <!-- test.TestNG_Demo1 -->
