<?xml version="1.0" encoding="UTF-8"?>
<!-- Generated by org.testng.reporters.JUnitReportReporter -->
<testsuite skipped="1" hostname="eminism" name="demo.TestNGIgonoreDemo" tests="2" failures="0" timestamp="2020-04-11T22:22:49 EDT" time="0.014" errors="0">
  <testcase name="test2" time="0.014" classname="demo.TestNGIgonoreDemo"/>
  <system-out/>
  <testcase name="test1" classname="demo.TestNGIgonoreDemo">
    <skipped/>
  </testcase> <!-- test1 -->
  <system-out/>
</testsuite> <!-- demo.TestNGIgonoreDemo -->
