<?xml version="1.0" encoding="UTF-8"?>
<!-- Generated by org.testng.reporters.JUnitReportReporter -->
<testsuite skipped="0" hostname="eminism" name="test.ExtentReportDemoTestNG" tests="2" failures="0" timestamp="2020-03-26T22:41:36 EDT" time="4.692" errors="0">
  <testcase name="test2" time="0.004" classname="test.ExtentReportDemoTestNG"/>
  <system-out/>
  <testcase name="test1" time="4.688" classname="test.ExtentReportDemoTestNG"/>
  <system-out/>
</testsuite> <!-- test.ExtentReportDemoTestNG -->
