<?xml version="1.0" encoding="UTF-8"?>
<!-- Generated by org.testng.reporters.JUnitReportReporter -->
<testsuite skipped="0" hostname="eminism" name="demo.TestNGParametersDemo" tests="1" failures="0" timestamp="2020-04-11T22:04:52 EDT" time="0.013" errors="0">
  <testcase name="test" time="0.013" classname="demo.TestNGParametersDemo"/>
  <system-out/>
</testsuite> <!-- demo.TestNGParametersDemo -->
