<?xml version="1.0" encoding="UTF-8"?>
<!-- Generated by org.testng.reporters.JUnitReportReporter -->
<testsuite skipped="0" hostname="eminism" name="demo.TestNGMultiBrowserDemo" tests="1" failures="0" timestamp="2020-04-11T20:56:56 EDT" time="4.409" errors="0">
  <testcase name="test1" time="4.409" classname="demo.TestNGMultiBrowserDemo"/>
  <system-out/>
</testsuite> <!-- demo.TestNGMultiBrowserDemo -->
